<?xml version="1.0" encoding="UTF-8"?>
<!-- Generated by org.testng.reporters.JUnitXMLReporter -->
<testsuite hostname="LAPTOP-U8DLQ4PF" ignored="0" name="Test" tests="6" failures="0" timestamp="2021-04-22T22:29:51 BST" time="0.046" errors="0">
  <testcase name="deleteTwitter" time="0.004" classname="qaclickacademy.com.mavenjava1.RestAPITest"/>
  <testcase name="postJira" time="0.001" classname="qaclickacademy.com.mavenjava1.RestAPITest"/>
  <testcase name="IOSApps" time="0.0" classname="qaclickacademy.com.mavenjava1.AppiumTest"/>
  <testcase name="nativeApps" time="0.0" classname="qaclickacademy.com.mavenjava1.AppiumTest"/>
  <testcase name="browserAutomation" time="0.0" classname="qaclickacademy.com.mavenjava1.seleniumTest"/>
  <testcase name="elementsUI" time="0.0" classname="qaclickacademy.com.mavenjava1.seleniumTest"/>
</testsuite> <!-- Test -->
