<?xml version="1.0" encoding="UTF-8"?>
<testng-results skipped="0" failed="0" ignored="0" total="6" passed="6">
  <reporter-output>
  </reporter-output>
  <suite name="Suite" duration-ms="46" started-at="2021-04-22T22:29:51 BST" finished-at="2021-04-22T22:29:51 BST">
    <groups>
    </groups>
    <test name="Test" duration-ms="46" started-at="2021-04-22T22:29:51 BST" finished-at="2021-04-22T22:29:51 BST">
      <class name="qaclickacademy.com.mavenjava1.seleniumTest">
        <test-method status="PASS" signature="browserAutomation()[pri:0, instance:qaclickacademy.com.mavenjava1.seleniumTest@5faeada1]" name="browserAutomation" duration-ms="0" started-at="2021-04-22T22:29:51 BST" finished-at="2021-04-22T22:29:51 BST">
          <reporter-output>
          </reporter-output>
        </test-method> <!-- browserAutomation -->
        <test-method status="PASS" signature="elementsUI()[pri:0, instance:qaclickacademy.com.mavenjava1.seleniumTest@5faeada1]" name="elementsUI" duration-ms="0" started-at="2021-04-22T22:29:51 BST" finished-at="2021-04-22T22:29:51 BST">
          <reporter-output>
          </reporter-output>
        </test-method> <!-- elementsUI -->
      </class> <!-- qaclickacademy.com.mavenjava1.seleniumTest -->
      <class name="qaclickacademy.com.mavenjava1.AppiumTest">
        <test-method status="PASS" signature="nativeApps()[pri:0, instance:qaclickacademy.com.mavenjava1.AppiumTest@7a1ebcd8]" name="nativeApps" duration-ms="0" started-at="2021-04-22T22:29:51 BST" finished-at="2021-04-22T22:29:51 BST">
          <reporter-output>
          </reporter-output>
        </test-method> <!-- nativeApps -->
        <test-method status="PASS" signature="IOSApps()[pri:0, instance:qaclickacademy.com.mavenjava1.AppiumTest@7a1ebcd8]" name="IOSApps" duration-ms="0" started-at="2021-04-22T22:29:51 BST" finished-at="2021-04-22T22:29:51 BST">
          <reporter-output>
          </reporter-output>
        </test-method> <!-- IOSApps -->
      </class> <!-- qaclickacademy.com.mavenjava1.AppiumTest -->
      <class name="qaclickacademy.com.mavenjava1.RestAPITest">
        <test-method status="PASS" signature="deleteTwitter()[pri:0, instance:qaclickacademy.com.mavenjava1.RestAPITest@e320068]" name="deleteTwitter" duration-ms="4" started-at="2021-04-22T22:29:51 BST" finished-at="2021-04-22T22:29:51 BST">
          <reporter-output>
          </reporter-output>
        </test-method> <!-- deleteTwitter -->
        <test-method status="PASS" signature="postJira()[pri:0, instance:qaclickacademy.com.mavenjava1.RestAPITest@e320068]" name="postJira" duration-ms="1" started-at="2021-04-22T22:29:51 BST" finished-at="2021-04-22T22:29:51 BST">
          <reporter-output>
          </reporter-output>
        </test-method> <!-- postJira -->
      </class> <!-- qaclickacademy.com.mavenjava1.RestAPITest -->
    </test> <!-- Test -->
  </suite> <!-- Suite -->
</testng-results>
